2018-09-20 14:19:37 texts 标签解析失败 url:http://sports.qq.com/a/20180901/066188.htm
2018-09-20 14:19:37 content 标签解析失败 url:http://sports.qq.com/a/20180901/066188.htm
2018-09-20 14:19:53 texts 标签解析失败 url:http://sports.qq.com/a/20180830/086828.htm
2018-09-20 14:19:53 content 标签解析失败 url:http://sports.qq.com/a/20180830/086828.htm
2018-09-20 14:19:58 texts 标签解析失败 url:http://sports.qq.com/a/20180830/085832.htm
2018-09-20 14:19:58 content 标签解析失败 url:http://sports.qq.com/a/20180830/085832.htm
2018-09-20 14:20:43 texts 标签解析失败 url:http://house.qq.com/a/20180828/045006.htm
2018-09-20 14:20:43 content 标签解析失败 url:http://house.qq.com/a/20180828/045006.htm
2018-09-20 14:21:49 texts 标签解析失败 url:http://edu.qq.com/a/20180827/035307.htm
2018-09-20 14:21:49 content 标签解析失败 url:http://edu.qq.com/a/20180827/035307.htm
2018-09-20 14:22:09 texts 标签解析失败 url:http://tech.qq.com/a/20180825/042987.htm
2018-09-20 14:22:09 content 标签解析失败 url:http://tech.qq.com/a/20180825/042987.htm
2018-09-20 14:23:02 texts 标签解析失败 url:http://sports.qq.com/a/20180829/090311.htm
2018-09-20 14:23:02 content 标签解析失败 url:http://sports.qq.com/a/20180829/090311.htm
2018-09-20 14:23:54 texts 标签解析失败 url:http://sports.qq.com/a/20180827/081110.htm
2018-09-20 14:23:54 content 标签解析失败 url:http://sports.qq.com/a/20180827/081110.htm
2018-09-20 14:25:18 texts 标签解析失败 url:http://sports.qq.com/a/20180826/050873.htm
2018-09-20 14:25:18 content 标签解析失败 url:http://sports.qq.com/a/20180826/050873.htm
2018-09-20 14:25:24 texts 标签解析失败 url:http://tech.qq.com/a/20180818/025713.htm
2018-09-20 14:25:24 content 标签解析失败 url:http://tech.qq.com/a/20180818/025713.htm
2018-09-20 14:26:10 texts 标签解析失败 url:https://finance.qq.com/a/20180820/042414.htm
2018-09-20 14:26:10 content 标签解析失败 url:https://finance.qq.com/a/20180820/042414.htm
2018-09-20 14:31:21 texts 标签解析失败 url:http://sports.qq.com/a/20180816/056017.htm
2018-09-20 14:31:21 content 标签解析失败 url:http://sports.qq.com/a/20180816/056017.htm
2018-09-20 14:31:33 texts 标签解析失败 url:http://auto.qq.com/a/20180816/050457.htm
2018-09-20 14:31:33 content 标签解析失败 url:http://auto.qq.com/a/20180816/050457.htm
2018-09-20 14:33:00 texts 标签解析失败 url:http://sports.qq.com/a/20180821/078861.htm
2018-09-20 14:33:00 content 标签解析失败 url:http://sports.qq.com/a/20180821/078861.htm
2018-09-20 14:33:00 texts 标签解析失败 url:http://sports.qq.com/a/20180821/078170.htm
2018-09-20 14:33:00 content 标签解析失败 url:http://sports.qq.com/a/20180821/078170.htm
2018-09-20 14:33:33 texts 标签解析失败 url:http://sports.qq.com/a/20180817/045730.htm
2018-09-20 14:33:33 content 标签解析失败 url:http://sports.qq.com/a/20180817/045730.htm
2018-09-20 14:33:36 texts 标签解析失败 url:http://ent.qq.com/a/20180812/036603.htm
2018-09-20 14:33:36 content 标签解析失败 url:http://ent.qq.com/a/20180812/036603.htm
2018-09-20 14:34:15 texts 标签解析失败 url:http://sports.qq.com/a/20180820/045263.htm
2018-09-20 14:34:15 content 标签解析失败 url:http://sports.qq.com/a/20180820/045263.htm
2018-09-20 14:34:15 texts 标签解析失败 url:http://sports.qq.com/a/20180820/045525.htm
2018-09-20 14:34:15 content 标签解析失败 url:http://sports.qq.com/a/20180820/045525.htm
2018-09-20 14:34:48 texts 标签解析失败 url:http://tech.qq.com/a/20180811/038922.htm
2018-09-20 14:34:48 content 标签解析失败 url:http://tech.qq.com/a/20180811/038922.htm
2018-09-20 14:36:21 texts 标签解析失败 url:http://sports.qq.com/a/20180810/059185.htm
2018-09-20 14:36:21 content 标签解析失败 url:http://sports.qq.com/a/20180810/059185.htm
2018-09-20 14:37:12 texts 标签解析失败 url:http://ent.qq.com/a/20180809/020798.htm
2018-09-20 14:37:12 content 标签解析失败 url:http://ent.qq.com/a/20180809/020798.htm
2018-09-20 14:37:33 texts 标签解析失败 url:https://finance.qq.com/a/20180809/014799.htm
2018-09-20 14:37:33 content 标签解析失败 url:https://finance.qq.com/a/20180809/014799.htm
2018-09-20 14:38:45 texts 标签解析失败 url:https://finance.qq.com/a/20180809/020551.htm
2018-09-20 14:38:45 content 标签解析失败 url:https://finance.qq.com/a/20180809/020551.htm
2018-09-20 14:39:09 texts 标签解析失败 url:http://sports.qq.com/a/20180815/058442.htm
2018-09-20 14:39:09 content 标签解析失败 url:http://sports.qq.com/a/20180815/058442.htm
2018-09-20 14:40:33 texts 标签解析失败 url:http://sports.qq.com/a/20180814/062451.htm
2018-09-20 14:40:33 content 标签解析失败 url:http://sports.qq.com/a/20180814/062451.htm
2018-09-20 14:42:01 texts 标签解析失败 url:http://sports.qq.com/a/20180808/029461.htm
2018-09-20 14:42:01 content 标签解析失败 url:http://sports.qq.com/a/20180808/029461.htm
2018-09-20 14:42:02 texts 标签解析失败 url:http://sports.qq.com/a/20180808/028420.htm
2018-09-20 14:42:02 content 标签解析失败 url:http://sports.qq.com/a/20180808/028420.htm
2018-09-20 14:43:21 texts 标签解析失败 url:http://sports.qq.com/a/20180811/047614.htm
2018-09-20 14:43:21 content 标签解析失败 url:http://sports.qq.com/a/20180811/047614.htm
2018-09-20 14:45:04 texts 标签解析失败 url:http://ent.qq.com/a/20180803/018752.htm
2018-09-20 14:45:04 content 标签解析失败 url:http://ent.qq.com/a/20180803/018752.htm
2018-09-20 14:45:15 texts 标签解析失败 url:http://sports.qq.com/a/20180809/024489.htm
2018-09-20 14:45:15 content 标签解析失败 url:http://sports.qq.com/a/20180809/024489.htm
2018-09-20 14:48:19 texts 标签解析失败 url:http://sports.qq.com/a/20180807/028759.htm
2018-09-20 14:48:19 content 标签解析失败 url:http://sports.qq.com/a/20180807/028759.htm
2018-09-20 14:53:14 texts 标签解析失败 url:http://sports.qq.com/a/20180803/033290.htm
2018-09-20 14:53:14 content 标签解析失败 url:http://sports.qq.com/a/20180803/033290.htm
2018-09-20 14:53:35 texts 标签解析失败 url:http://tech.qq.com/a/20180728/007497.htm
2018-09-20 14:53:35 content 标签解析失败 url:http://tech.qq.com/a/20180728/007497.htm
2018-09-20 14:55:05 texts 标签解析失败 url:http://tech.qq.com/a/20180726/036774.htm
2018-09-20 14:55:05 content 标签解析失败 url:http://tech.qq.com/a/20180726/036774.htm
2018-09-20 14:55:06 texts 标签解析失败 url:http://tech.qq.com/a/20180726/033051.htm
2018-09-20 14:55:06 content 标签解析失败 url:http://tech.qq.com/a/20180726/033051.htm
2018-09-20 14:55:06 texts 标签解析失败 url:http://tech.qq.com/a/20180726/038205.htm
2018-09-20 14:55:06 content 标签解析失败 url:http://tech.qq.com/a/20180726/038205.htm
2018-09-20 14:56:29 texts 标签解析失败 url:http://sports.qq.com/a/20180801/032582.htm
2018-09-20 14:56:29 content 标签解析失败 url:http://sports.qq.com/a/20180801/032582.htm
2018-09-20 14:56:37 texts 标签解析失败 url:http://tech.qq.com/a/20180725/036843.htm
2018-09-20 14:56:37 content 标签解析失败 url:http://tech.qq.com/a/20180725/036843.htm
2018-09-20 14:56:38 texts 标签解析失败 url:http://tech.qq.com/a/20180725/033540.htm
2018-09-20 14:56:38 content 标签解析失败 url:http://tech.qq.com/a/20180725/033540.htm
2018-09-20 14:57:18 texts 标签解析失败 url:http://tech.qq.com/a/20180724/043283.htm
2018-09-20 14:57:18 content 标签解析失败 url:http://tech.qq.com/a/20180724/043283.htm
2018-09-20 14:57:21 texts 标签解析失败 url:http://sports.qq.com/a/20180727/041442.htm
2018-09-20 14:57:21 content 标签解析失败 url:http://sports.qq.com/a/20180727/041442.htm
2018-09-20 14:57:58 texts 标签解析失败 url:http://tech.qq.com/a/20180723/041773.htm
2018-09-20 14:57:58 content 标签解析失败 url:http://tech.qq.com/a/20180723/041773.htm
2018-09-20 14:58:34 texts 标签解析失败 url:http://sports.qq.com/a/20180729/019078.htm
2018-09-20 14:58:34 content 标签解析失败 url:http://sports.qq.com/a/20180729/019078.htm
2018-09-20 14:58:38 texts 标签解析失败 url:http://tech.qq.com/a/20180722/014484.htm
2018-09-20 14:58:38 content 标签解析失败 url:http://tech.qq.com/a/20180722/014484.htm
2018-09-20 14:58:38 texts 标签解析失败 url:http://tech.qq.com/a/20180722/005074.htm
2018-09-20 14:58:38 content 标签解析失败 url:http://tech.qq.com/a/20180722/005074.htm
2018-09-20 14:58:39 texts 标签解析失败 url:http://tech.qq.com/a/20180722/003820.htm
2018-09-20 14:58:39 content 标签解析失败 url:http://tech.qq.com/a/20180722/003820.htm
2018-09-20 14:58:52 texts 标签解析失败 url:http://sports.qq.com/a/20180728/020376.htm
2018-09-20 14:58:52 content 标签解析失败 url:http://sports.qq.com/a/20180728/020376.htm
2018-09-20 14:59:11 texts 标签解析失败 url:http://sports.qq.com/a/20180725/042777.htm
2018-09-20 14:59:11 content 标签解析失败 url:http://sports.qq.com/a/20180725/042777.htm
2018-09-20 14:59:32 texts 标签解析失败 url:http://sports.qq.com/a/20180726/040987.htm
2018-09-20 14:59:32 content 标签解析失败 url:http://sports.qq.com/a/20180726/040987.htm
2018-09-20 15:00:56 texts 标签解析失败 url:http://sports.qq.com/a/20180724/041504.htm
2018-09-20 15:00:56 content 标签解析失败 url:http://sports.qq.com/a/20180724/041504.htm
2018-09-20 15:01:01 texts 标签解析失败 url:http://auto.qq.com/a/20180720/034950.htm
2018-09-20 15:01:01 content 标签解析失败 url:http://auto.qq.com/a/20180720/034950.htm
2018-09-20 15:03:19 texts 标签解析失败 url:http://ent.qq.com/a/20180718/026208.htm
2018-09-20 15:03:19 content 标签解析失败 url:http://ent.qq.com/a/20180718/026208.htm
2018-09-20 15:04:23 texts 标签解析失败 url:http://sports.qq.com/a/20180721/021896.htm
2018-09-20 15:04:23 content 标签解析失败 url:http://sports.qq.com/a/20180721/021896.htm
2018-09-20 15:04:24 texts 标签解析失败 url:http://sports.qq.com/a/20180721/021679.htm
2018-09-20 15:04:24 content 标签解析失败 url:http://sports.qq.com/a/20180721/021679.htm
2018-09-20 15:04:39 texts 标签解析失败 url:http://house.qq.com/a/20180718/006365.htm
2018-09-20 15:04:39 content 标签解析失败 url:http://house.qq.com/a/20180718/006365.htm
2018-09-20 15:09:46 texts 标签解析失败 url:http://ent.qq.com/a/20180712/037438.htm
2018-09-20 15:09:46 content 标签解析失败 url:http://ent.qq.com/a/20180712/037438.htm
2018-09-20 15:09:48 texts 标签解析失败 url:http://sports.qq.com/a/20180716/041952.htm
2018-09-20 15:09:48 content 标签解析失败 url:http://sports.qq.com/a/20180716/041952.htm
2018-09-20 15:11:10 texts 标签解析失败 url:http://sports.qq.com/a/20180715/020448.htm
2018-09-20 15:11:10 content 标签解析失败 url:http://sports.qq.com/a/20180715/020448.htm
2018-09-20 15:16:42 texts 标签解析失败 url:http://tech.qq.com/a/20180706/031501.htm
2018-09-20 15:16:42 content 标签解析失败 url:http://tech.qq.com/a/20180706/031501.htm
2018-09-20 15:17:53 texts 标签解析失败 url:http://sports.qq.com/a/20180712/036356.htm
2018-09-20 15:17:53 content 标签解析失败 url:http://sports.qq.com/a/20180712/036356.htm
2018-09-20 15:18:43 texts 标签解析失败 url:http://sports.qq.com/a/20180707/021299.htm
2018-09-20 15:18:43 content 标签解析失败 url:http://sports.qq.com/a/20180707/021299.htm
2018-09-20 15:22:41 texts 标签解析失败 url:http://sports.qq.com/a/20180704/042332.htm
2018-09-20 15:22:41 content 标签解析失败 url:http://sports.qq.com/a/20180704/042332.htm
2018-09-20 15:24:38 texts 标签解析失败 url:http://house.qq.com/a/20180629/031993.htm
2018-09-20 15:24:38 content 标签解析失败 url:http://house.qq.com/a/20180629/031993.htm
2018-09-20 15:25:17 texts 标签解析失败 url:http://sports.qq.com/a/20180702/041175.htm
2018-09-20 15:25:17 content 标签解析失败 url:http://sports.qq.com/a/20180702/041175.htm
2018-09-20 15:25:55 texts 标签解析失败 url:http://sports.qq.com/a/20180703/037938.htm
2018-09-20 15:25:55 content 标签解析失败 url:http://sports.qq.com/a/20180703/037938.htm
2018-09-20 15:27:52 texts 标签解析失败 url:http://sports.qq.com/a/20180629/042429.htm
2018-09-20 15:27:52 content 标签解析失败 url:http://sports.qq.com/a/20180629/042429.htm
2018-09-20 15:28:37 texts 标签解析失败 url:http://sports.qq.com/a/20180629/041622.htm
2018-09-20 15:28:37 content 标签解析失败 url:http://sports.qq.com/a/20180629/041622.htm
2018-09-20 15:29:28 texts 标签解析失败 url:http://sports.qq.com/a/20180630/021138.htm
2018-09-20 15:29:28 content 标签解析失败 url:http://sports.qq.com/a/20180630/021138.htm
2018-09-20 15:32:45 texts 标签解析失败 url:http://house.qq.com/a/20180622/032849.htm
2018-09-20 15:32:45 content 标签解析失败 url:http://house.qq.com/a/20180622/032849.htm
2018-09-20 15:34:34 texts 标签解析失败 url:http://news.qq.com/original/zaixianyingzhan/grassland.html
2018-09-20 15:34:34 content 标签解析失败 url:http://news.qq.com/original/zaixianyingzhan/grassland.html
2018-09-20 15:37:59 texts 标签解析失败 url:http://ent.qq.com/a/20180617/012693.htm
2018-09-20 15:37:59 content 标签解析失败 url:http://ent.qq.com/a/20180617/012693.htm
2018-09-20 15:41:44 texts 标签解析失败 url:http://ent.qq.com/a/20180614/004291.htm
2018-09-20 15:41:44 content 标签解析失败 url:http://ent.qq.com/a/20180614/004291.htm
2018-09-20 15:41:49 texts 标签解析失败 url:http://news.qq.com/original/zaixianyingzhan/mother.html
2018-09-20 15:41:49 content 标签解析失败 url:http://news.qq.com/original/zaixianyingzhan/mother.html
2018-09-20 15:42:17 texts 标签解析失败 url:http://ent.qq.com/a/20180613/004811.htm
2018-09-20 15:42:17 content 标签解析失败 url:http://ent.qq.com/a/20180613/004811.htm
2018-09-20 15:44:21 texts 标签解析失败 url:http://sports.qq.com/a/20180617/016025.htm
2018-09-20 15:44:21 content 标签解析失败 url:http://sports.qq.com/a/20180617/016025.htm
2018-09-20 15:44:47 texts 标签解析失败 url:http://ent.qq.com/a/20180612/011411.htm
2018-09-20 15:44:47 content 标签解析失败 url:http://ent.qq.com/a/20180612/011411.htm
2018-09-20 15:45:11 texts 标签解析失败 url:http://tech.qq.com/a/20180612/028798.htm
2018-09-20 15:45:11 content 标签解析失败 url:http://tech.qq.com/a/20180612/028798.htm
2018-09-20 15:45:35 texts 标签解析失败 url:http://sports.qq.com/a/20180616/018267.htm
2018-09-20 15:45:35 content 标签解析失败 url:http://sports.qq.com/a/20180616/018267.htm
2018-09-20 15:45:36 texts 标签解析失败 url:http://sports.qq.com/a/20180616/017293.htm
2018-09-20 15:45:36 content 标签解析失败 url:http://sports.qq.com/a/20180616/017293.htm
2018-09-20 15:48:43 texts 标签解析失败 url:http://sports.qq.com/a/20180614/027156.htm
2018-09-20 15:48:43 content 标签解析失败 url:http://sports.qq.com/a/20180614/027156.htm
2018-09-20 15:49:47 texts 标签解析失败 url:http://auto.qq.com/a/20180609/004315.htm
2018-09-20 15:49:47 content 标签解析失败 url:http://auto.qq.com/a/20180609/004315.htm
2018-09-20 15:50:41 texts 标签解析失败 url:http://ent.qq.com/a/20180608/016027.htm
2018-09-20 15:50:41 content 标签解析失败 url:http://ent.qq.com/a/20180608/016027.htm
2018-09-20 15:51:18 texts 标签解析失败 url:http://auto.qq.com/a/20180608/029260.htm
2018-09-20 15:51:18 content 标签解析失败 url:http://auto.qq.com/a/20180608/029260.htm
2018-09-20 15:53:17 texts 标签解析失败 url:http://sports.qq.com/a/20180611/042640.htm
2018-09-20 15:53:17 content 标签解析失败 url:http://sports.qq.com/a/20180611/042640.htm
2018-09-20 15:53:17 texts 标签解析失败 url:http://sports.qq.com/a/20180611/030420.htm
2018-09-20 15:53:17 content 标签解析失败 url:http://sports.qq.com/a/20180611/030420.htm
2018-09-20 15:55:00 texts 标签解析失败 url:http://sports.qq.com/a/20180610/013703.htm
2018-09-20 15:55:00 content 标签解析失败 url:http://sports.qq.com/a/20180610/013703.htm
2018-09-20 15:55:38 texts 标签解析失败 url:http://sports.qq.com/a/20180609/017706.htm
2018-09-20 15:55:38 content 标签解析失败 url:http://sports.qq.com/a/20180609/017706.htm
2018-09-20 15:55:49 texts 标签解析失败 url:http://sports.qq.com/a/20180608/039257.htm
2018-09-20 15:55:49 content 标签解析失败 url:http://sports.qq.com/a/20180608/039257.htm
2018-09-20 15:57:52 texts 标签解析失败 url:http://news.qq.com/original/zaixianyingzhan/occupationalinjury.html
2018-09-20 15:57:52 content 标签解析失败 url:http://news.qq.com/original/zaixianyingzhan/occupationalinjury.html
2018-09-20 15:58:52 texts 标签解析失败 url:http://tech.qq.com/a/20180601/027524.htm
2018-09-20 15:58:52 content 标签解析失败 url:http://tech.qq.com/a/20180601/027524.htm
2018-09-20 15:59:39 texts 标签解析失败 url:http://ent.qq.com/a/20180531/028374.htm
2018-09-20 15:59:39 content 标签解析失败 url:http://ent.qq.com/a/20180531/028374.htm
2018-09-20 15:59:46 texts 标签解析失败 url:http://sports.qq.com/a/20180606/035356.htm
2018-09-20 15:59:46 content 标签解析失败 url:http://sports.qq.com/a/20180606/035356.htm
2018-09-20 16:01:10 texts 标签解析失败 url:http://sports.qq.com/a/20180604/040482.htm
2018-09-20 16:01:10 content 标签解析失败 url:http://sports.qq.com/a/20180604/040482.htm
2018-09-20 16:02:19 texts 标签解析失败 url:http://ent.qq.com/a/20180529/004676.htm
2018-09-20 16:02:19 content 标签解析失败 url:http://ent.qq.com/a/20180529/004676.htm
2018-09-20 16:02:54 texts 标签解析失败 url:http://sports.qq.com/a/20180603/017213.htm
2018-09-20 16:02:54 content 标签解析失败 url:http://sports.qq.com/a/20180603/017213.htm
2018-09-20 16:03:10 texts 标签解析失败 url:http://sports.qq.com/a/20180603/016025.htm
2018-09-20 16:03:10 content 标签解析失败 url:http://sports.qq.com/a/20180603/016025.htm
2018-09-20 16:04:58 texts 标签解析失败 url:http://sports.qq.com/a/20180602/019280.htm
2018-09-20 16:04:58 content 标签解析失败 url:http://sports.qq.com/a/20180602/019280.htm
2018-09-20 16:04:59 texts 标签解析失败 url:http://sports.qq.com/a/20180602/019197.htm
2018-09-20 16:04:59 content 标签解析失败 url:http://sports.qq.com/a/20180602/019197.htm
2018-09-20 16:05:21 texts 标签解析失败 url:http://tech.qq.com/a/20180525/037464.htm
2018-09-20 16:05:21 content 标签解析失败 url:http://tech.qq.com/a/20180525/037464.htm
2018-09-20 16:05:40 texts 标签解析失败 url:http://ent.qq.com/a/20180525/005192.htm
2018-09-20 16:05:40 content 标签解析失败 url:http://ent.qq.com/a/20180525/005192.htm
2018-09-20 16:05:52 texts 标签解析失败 url:http://ent.qq.com/a/20180525/004582.htm
2018-09-20 16:05:52 content 标签解析失败 url:http://ent.qq.com/a/20180525/004582.htm
2018-09-20 16:06:20 texts 标签解析失败 url:http://sports.qq.com/a/20180528/035697.htm
2018-09-20 16:06:20 content 标签解析失败 url:http://sports.qq.com/a/20180528/035697.htm
2018-09-20 16:06:54 texts 标签解析失败 url:http://ent.qq.com/a/20180524/007736.htm
2018-09-20 16:06:54 content 标签解析失败 url:http://ent.qq.com/a/20180524/007736.htm
2018-09-20 16:07:20 texts 标签解析失败 url:http://sports.qq.com/a/20180601/040786.htm
2018-09-20 16:07:20 content 标签解析失败 url:http://sports.qq.com/a/20180601/040786.htm
2018-09-20 16:07:42 texts 标签解析失败 url:http://ent.qq.com/a/20180523/036181.htm
2018-09-20 16:07:42 content 标签解析失败 url:http://ent.qq.com/a/20180523/036181.htm
2018-09-20 16:07:49 texts 标签解析失败 url:http://sports.qq.com/a/20180526/018824.htm
2018-09-20 16:07:49 content 标签解析失败 url:http://sports.qq.com/a/20180526/018824.htm
2018-09-20 16:08:04 texts 标签解析失败 url:http://sports.qq.com/a/20180526/018184.htm
2018-09-20 16:08:04 content 标签解析失败 url:http://sports.qq.com/a/20180526/018184.htm
2018-09-20 16:08:12 texts 标签解析失败 url:http://edu.qq.com/a/20180523/008519.htm
2018-09-20 16:08:12 content 标签解析失败 url:http://edu.qq.com/a/20180523/008519.htm
2018-09-20 16:08:40 texts 标签解析失败 url:http://ent.qq.com/a/20180522/024940.htm
2018-09-20 16:08:40 content 标签解析失败 url:http://ent.qq.com/a/20180522/024940.htm
2018-09-20 16:08:49 texts 标签解析失败 url:http://ent.qq.com/a/20180522/003421.htm
2018-09-20 16:08:49 content 标签解析失败 url:http://ent.qq.com/a/20180522/003421.htm
2018-09-20 16:09:40 texts 标签解析失败 url:http://sports.qq.com/a/20180524/038068.htm
2018-09-20 16:09:40 content 标签解析失败 url:http://sports.qq.com/a/20180524/038068.htm
2018-09-20 16:12:02 texts 标签解析失败 url:http://sports.qq.com/a/20180523/036052.htm
2018-09-20 16:12:02 content 标签解析失败 url:http://sports.qq.com/a/20180523/036052.htm
2018-09-20 16:12:21 texts 标签解析失败 url:http://ent.qq.com/a/20180519/003609.htm
2018-09-20 16:12:21 content 标签解析失败 url:http://ent.qq.com/a/20180519/003609.htm
2018-09-20 16:12:39 texts 标签解析失败 url:http://sports.qq.com/a/20180522/036927.htm
2018-09-20 16:12:39 content 标签解析失败 url:http://sports.qq.com/a/20180522/036927.htm
2018-09-20 16:13:43 texts 标签解析失败 url:http://ent.qq.com/a/20180517/006179.htm
2018-09-20 16:13:43 content 标签解析失败 url:http://ent.qq.com/a/20180517/006179.htm
2018-09-20 16:15:17 texts 标签解析失败 url:http://sports.qq.com/a/20180520/016293.htm
2018-09-20 16:15:17 content 标签解析失败 url:http://sports.qq.com/a/20180520/016293.htm
2018-09-20 16:15:40 texts 标签解析失败 url:http://ent.qq.com/a/20180516/002088.htm
2018-09-20 16:15:40 content 标签解析失败 url:http://ent.qq.com/a/20180516/002088.htm
2018-09-20 16:15:49 texts 标签解析失败 url:http://sports.qq.com/a/20180527/016583.htm
2018-09-20 16:15:49 content 标签解析失败 url:http://sports.qq.com/a/20180527/016583.htm
2018-09-20 16:16:00 texts 标签解析失败 url:http://sports.qq.com/a/20180519/017733.htm
2018-09-20 16:16:00 content 标签解析失败 url:http://sports.qq.com/a/20180519/017733.htm
2018-09-20 16:16:21 texts 标签解析失败 url:http://edu.qq.com/a/20180516/004390.htm
2018-09-20 16:16:21 content 标签解析失败 url:http://edu.qq.com/a/20180516/004390.htm
2018-09-20 16:16:25 texts 标签解析失败 url:http://ent.qq.com/a/20180515/002852.htm
2018-09-20 16:16:25 content 标签解析失败 url:http://ent.qq.com/a/20180515/002852.htm
2018-09-20 16:16:55 texts 标签解析失败 url:http://sports.qq.com/a/20180525/039330.htm
2018-09-20 16:16:55 content 标签解析失败 url:http://sports.qq.com/a/20180525/039330.htm
2018-09-20 16:18:16 texts 标签解析失败 url:http://sports.qq.com/a/20180517/035264.htm
2018-09-20 16:18:16 content 标签解析失败 url:http://sports.qq.com/a/20180517/035264.htm
2018-09-20 16:19:53 texts 标签解析失败 url:http://tech.qq.com/a/20180511/023421.htm
2018-09-20 16:19:53 content 标签解析失败 url:http://tech.qq.com/a/20180511/023421.htm
2018-09-20 16:20:57 texts 标签解析失败 url:http://tech.qq.com/a/20180510/032785.htm
2018-09-20 16:20:57 content 标签解析失败 url:http://tech.qq.com/a/20180510/032785.htm
2018-09-20 16:21:19 texts 标签解析失败 url:http://sports.qq.com/a/20180515/037532.htm
2018-09-20 16:21:19 content 标签解析失败 url:http://sports.qq.com/a/20180515/037532.htm
2018-09-20 16:23:16 texts 标签解析失败 url:http://ent.qq.com/a/20180509/005195.htm
2018-09-20 16:23:16 content 标签解析失败 url:http://ent.qq.com/a/20180509/005195.htm
2018-09-20 16:24:19 texts 标签解析失败 url:http://ent.qq.com/a/20180508/008252.htm
2018-09-20 16:24:19 content 标签解析失败 url:http://ent.qq.com/a/20180508/008252.htm
2018-09-20 16:24:46 texts 标签解析失败 url:http://sports.qq.com/a/20180518/036446.htm
2018-09-20 16:24:46 content 标签解析失败 url:http://sports.qq.com/a/20180518/036446.htm
2018-09-20 16:24:50 texts 标签解析失败 url:http://sports.qq.com/a/20180518/035872.htm
2018-09-20 16:24:50 content 标签解析失败 url:http://sports.qq.com/a/20180518/035872.htm
2018-09-20 16:25:52 texts 标签解析失败 url:http://ent.qq.com/a/20180507/003256.htm
2018-09-20 16:25:52 content 标签解析失败 url:http://ent.qq.com/a/20180507/003256.htm
2018-09-20 16:27:02 texts 标签解析失败 url:http://sports.qq.com/a/20180508/037638.htm
2018-09-20 16:27:02 content 标签解析失败 url:http://sports.qq.com/a/20180508/037638.htm
2018-09-20 16:27:11 texts 标签解析失败 url:http://edu.qq.com/a/20180506/005626.htm
2018-09-20 16:27:11 content 标签解析失败 url:http://edu.qq.com/a/20180506/005626.htm
2018-09-20 16:27:36 texts 标签解析失败 url:http://ent.qq.com/a/20180505/005432.htm
2018-09-20 16:27:36 content 标签解析失败 url:http://ent.qq.com/a/20180505/005432.htm
2018-09-20 16:27:37 texts 标签解析失败 url:http://sports.qq.com/a/20180514/036212.htm
2018-09-20 16:27:37 content 标签解析失败 url:http://sports.qq.com/a/20180514/036212.htm
2018-09-20 16:27:42 texts 标签解析失败 url:http://sports.qq.com/a/20180514/036079.htm
2018-09-20 16:27:42 content 标签解析失败 url:http://sports.qq.com/a/20180514/036079.htm
2018-09-20 16:29:01 texts 标签解析失败 url:http://ent.qq.com/a/20180504/002996.htm
2018-09-20 16:29:01 content 标签解析失败 url:http://ent.qq.com/a/20180504/002996.htm
2018-09-20 16:29:16 texts 标签解析失败 url:http://house.qq.com/a/20180504/024647.htm
2018-09-20 16:29:16 content 标签解析失败 url:http://house.qq.com/a/20180504/024647.htm
2018-09-20 16:29:19 texts 标签解析失败 url:http://tech.qq.com/a/20180503/044865.htm
2018-09-20 16:29:19 content 标签解析失败 url:http://tech.qq.com/a/20180503/044865.htm
2018-09-20 16:29:35 texts 标签解析失败 url:http://sports.qq.com/a/20180512/018230.htm
2018-09-20 16:29:35 content 标签解析失败 url:http://sports.qq.com/a/20180512/018230.htm
2018-09-20 16:30:20 texts 标签解析失败 url:http://tech.qq.com/a/20180502/027620.htm
2018-09-20 16:30:20 content 标签解析失败 url:http://tech.qq.com/a/20180502/027620.htm
2018-09-20 16:30:34 texts 标签解析失败 url:http://sports.qq.com/a/20180507/042784.htm
2018-09-20 16:30:34 content 标签解析失败 url:http://sports.qq.com/a/20180507/042784.htm
2018-09-20 16:30:42 texts 标签解析失败 url:http://auto.qq.com/a/20180502/036362.htm
2018-09-20 16:30:42 content 标签解析失败 url:http://auto.qq.com/a/20180502/036362.htm
2018-09-20 16:30:46 texts 标签解析失败 url:http://edu.qq.com/a/20180502/023150.htm
2018-09-20 16:30:46 content 标签解析失败 url:http://edu.qq.com/a/20180502/023150.htm
2018-09-20 16:31:12 texts 标签解析失败 url:http://ent.qq.com/a/20180501/004716.htm
2018-09-20 16:31:12 content 标签解析失败 url:http://ent.qq.com/a/20180501/004716.htm
2018-09-20 16:34:33 texts 标签解析失败 url:http://sports.qq.com/a/20180504/037042.htm
2018-09-20 16:34:33 content 标签解析失败 url:http://sports.qq.com/a/20180504/037042.htm
2018-09-20 16:34:36 texts 标签解析失败 url:http://sports.qq.com/a/20180504/036825.htm
2018-09-20 16:34:36 content 标签解析失败 url:http://sports.qq.com/a/20180504/036825.htm
2018-09-20 16:37:21 texts 标签解析失败 url:http://tech.qq.com/a/20180426/028869.htm
2018-09-20 16:37:21 content 标签解析失败 url:http://tech.qq.com/a/20180426/028869.htm
2018-09-20 16:37:32 texts 标签解析失败 url:http://sports.qq.com/a/20180502/039440.htm
2018-09-20 16:37:32 content 标签解析失败 url:http://sports.qq.com/a/20180502/039440.htm
2018-09-20 16:37:35 texts 标签解析失败 url:http://ent.qq.com/a/20180426/032374.htm
2018-09-20 16:37:35 content 标签解析失败 url:http://ent.qq.com/a/20180426/032374.htm
2018-09-20 16:37:35 texts 标签解析失败 url:http://ent.qq.com/a/20180426/025181.htm
2018-09-20 16:37:35 content 标签解析失败 url:http://ent.qq.com/a/20180426/025181.htm
2018-09-20 16:37:51 texts 标签解析失败 url:http://edu.qq.com/a/20180426/037080.htm
2018-09-20 16:37:51 content 标签解析失败 url:http://edu.qq.com/a/20180426/037080.htm
2018-09-20 16:38:00 texts 标签解析失败 url:http://ent.qq.com/a/20180425/031300.htm
2018-09-20 16:38:00 content 标签解析失败 url:http://ent.qq.com/a/20180425/031300.htm
2018-09-20 16:38:01 texts 标签解析失败 url:http://ent.qq.com/a/20180425/018711.htm
2018-09-20 16:38:01 content 标签解析失败 url:http://ent.qq.com/a/20180425/018711.htm
2018-09-20 16:39:21 texts 标签解析失败 url:http://sports.qq.com/a/20180428/033303.htm
2018-09-20 16:39:21 content 标签解析失败 url:http://sports.qq.com/a/20180428/033303.htm
2018-09-20 16:39:55 texts 标签解析失败 url:http://sports.qq.com/a/20180428/033019.htm
2018-09-20 16:39:55 content 标签解析失败 url:http://sports.qq.com/a/20180428/033019.htm
2018-09-20 16:41:35 texts 标签解析失败 url:http://edu.qq.com/a/20180424/034456.htm
2018-09-20 16:41:35 content 标签解析失败 url:http://edu.qq.com/a/20180424/034456.htm
2018-09-20 16:41:56 texts 标签解析失败 url:http://sports.qq.com/a/20180430/018333.htm
2018-09-20 16:41:56 content 标签解析失败 url:http://sports.qq.com/a/20180430/018333.htm
2018-09-20 16:43:14 texts 标签解析失败 url:http://tech.qq.com/a/20180421/004277.htm
2018-09-20 16:43:14 content 标签解析失败 url:http://tech.qq.com/a/20180421/004277.htm
2018-09-20 16:44:50 texts 标签解析失败 url:http://edu.qq.com/a/20180420/003954.htm
2018-09-20 16:44:50 content 标签解析失败 url:http://edu.qq.com/a/20180420/003954.htm
2018-09-20 16:44:57 texts 标签解析失败 url:http://edu.qq.com/a/20180420/026099.htm
2018-09-20 16:44:57 content 标签解析失败 url:http://edu.qq.com/a/20180420/026099.htm
2018-09-20 16:45:31 texts 标签解析失败 url:http://ent.qq.com/a/20180419/001843.htm
2018-09-20 16:45:31 content 标签解析失败 url:http://ent.qq.com/a/20180419/001843.htm
2018-09-20 16:45:56 texts 标签解析失败 url:http://ent.qq.com/a/20180418/002547.htm
2018-09-20 16:45:56 content 标签解析失败 url:http://ent.qq.com/a/20180418/002547.htm
2018-09-20 16:46:28 texts 标签解析失败 url:http://sports.qq.com/a/20180427/038630.htm
2018-09-20 16:46:28 content 标签解析失败 url:http://sports.qq.com/a/20180427/038630.htm
2018-09-20 16:46:59 texts 标签解析失败 url:http://tech.qq.com/a/20180417/026527.htm
2018-09-20 16:46:59 content 标签解析失败 url:http://tech.qq.com/a/20180417/026527.htm
2018-09-20 16:47:32 texts 标签解析失败 url:http://ent.qq.com/a/20180417/022387.htm
2018-09-20 16:47:32 content 标签解析失败 url:http://ent.qq.com/a/20180417/022387.htm
2018-09-20 16:47:50 texts 标签解析失败 url:http://sports.qq.com/a/20180419/033892.htm
2018-09-20 16:47:50 content 标签解析失败 url:http://sports.qq.com/a/20180419/033892.htm
2018-09-20 16:47:53 texts 标签解析失败 url:http://sports.qq.com/a/20180426/038878.htm
2018-09-20 16:47:53 content 标签解析失败 url:http://sports.qq.com/a/20180426/038878.htm
2018-09-20 16:48:05 texts 标签解析失败 url:http://edu.qq.com/a/20180417/028606.htm
2018-09-20 16:48:05 content 标签解析失败 url:http://edu.qq.com/a/20180417/028606.htm
2018-09-20 16:48:11 texts 标签解析失败 url:http://tech.qq.com/a/20180416/017930.htm
2018-09-20 16:48:11 content 标签解析失败 url:http://tech.qq.com/a/20180416/017930.htm
2018-09-20 16:48:37 texts 标签解析失败 url:http://edu.qq.com/a/20180416/002414.htm
2018-09-20 16:48:37 content 标签解析失败 url:http://edu.qq.com/a/20180416/002414.htm
2018-09-20 16:48:47 texts 标签解析失败 url:http://sports.qq.com/a/20180424/043402.htm
2018-09-20 16:48:47 content 标签解析失败 url:http://sports.qq.com/a/20180424/043402.htm
2018-09-20 16:49:15 texts 标签解析失败 url:http://ent.qq.com/a/20180415/008593.htm
2018-09-20 16:49:15 content 标签解析失败 url:http://ent.qq.com/a/20180415/008593.htm
2018-09-20 16:51:15 texts 标签解析失败 url:http://sports.qq.com/a/20180423/044350.htm
2018-09-20 16:51:15 content 标签解析失败 url:http://sports.qq.com/a/20180423/044350.htm
2018-09-20 16:52:33 texts 标签解析失败 url:http://sports.qq.com/a/20180422/014051.htm
2018-09-20 16:52:33 content 标签解析失败 url:http://sports.qq.com/a/20180422/014051.htm
2018-09-20 16:53:39 texts 标签解析失败 url:http://house.qq.com/a/20180414/001304.htm
2018-09-20 16:53:39 content 标签解析失败 url:http://house.qq.com/a/20180414/001304.htm
2018-09-20 16:53:41 texts 标签解析失败 url:http://house.qq.com/a/20180414/001564.htm
2018-09-20 16:53:41 content 标签解析失败 url:http://house.qq.com/a/20180414/001564.htm
2018-09-20 16:53:48 texts 标签解析失败 url:http://tech.qq.com/a/20180412/017130.htm
2018-09-20 16:53:48 content 标签解析失败 url:http://tech.qq.com/a/20180412/017130.htm
2018-09-20 16:54:39 texts 标签解析失败 url:http://ent.qq.com/a/20180412/002419.htm
2018-09-20 16:54:39 content 标签解析失败 url:http://ent.qq.com/a/20180412/002419.htm
2018-09-20 16:56:08 texts 标签解析失败 url:http://edu.qq.com/a/20180411/011533.htm
2018-09-20 16:56:08 content 标签解析失败 url:http://edu.qq.com/a/20180411/011533.htm
2018-09-20 16:56:13 texts 标签解析失败 url:http://tech.qq.com/a/20180410/019692.htm
2018-09-20 16:56:13 content 标签解析失败 url:http://tech.qq.com/a/20180410/019692.htm
2018-09-20 16:56:20 texts 标签解析失败 url:http://ent.qq.com/a/20180410/001307.htm
2018-09-20 16:56:20 content 标签解析失败 url:http://ent.qq.com/a/20180410/001307.htm
2018-09-20 16:57:10 texts 标签解析失败 url:http://ent.qq.com/a/20180409/015494.htm
2018-09-20 16:57:10 content 标签解析失败 url:http://ent.qq.com/a/20180409/015494.htm
2018-09-20 16:57:21 texts 标签解析失败 url:http://ent.qq.com/a/20180409/001254.htm
2018-09-20 16:57:21 content 标签解析失败 url:http://ent.qq.com/a/20180409/001254.htm
2018-09-20 16:58:42 texts 标签解析失败 url:http://sports.qq.com/a/20180414/011626.htm
2018-09-20 16:58:42 content 标签解析失败 url:http://sports.qq.com/a/20180414/011626.htm
2018-09-20 17:00:03 texts 标签解析失败 url:http://sports.qq.com/a/20180412/023846.htm
2018-09-20 17:00:03 content 标签解析失败 url:http://sports.qq.com/a/20180412/023846.htm
2018-09-20 17:00:22 texts 标签解析失败 url:http://sports.qq.com/a/20180415/010733.htm
2018-09-20 17:00:22 content 标签解析失败 url:http://sports.qq.com/a/20180415/010733.htm
2018-09-20 17:01:49 texts 标签解析失败 url:http://sports.qq.com/a/20180411/027428.htm
2018-09-20 17:01:49 content 标签解析失败 url:http://sports.qq.com/a/20180411/027428.htm
2018-09-20 17:02:29 texts 标签解析失败 url:http://sports.qq.com/a/20180411/027081.htm
2018-09-20 17:02:29 content 标签解析失败 url:http://sports.qq.com/a/20180411/027081.htm
2018-09-20 17:02:33 texts 标签解析失败 url:http://sports.qq.com/a/20180411/027133.htm
2018-09-20 17:02:33 content 标签解析失败 url:http://sports.qq.com/a/20180411/027133.htm
2018-09-20 17:03:13 texts 标签解析失败 url:http://sports.qq.com/a/20180413/024935.htm
2018-09-20 17:03:13 content 标签解析失败 url:http://sports.qq.com/a/20180413/024935.htm
2018-09-20 17:03:50 texts 标签解析失败 url:http://house.qq.com/a/20180405/003884.htm
2018-09-20 17:03:50 content 标签解析失败 url:http://house.qq.com/a/20180405/003884.htm
2018-09-20 17:04:24 texts 标签解析失败 url:http://ent.qq.com/a/20180404/001797.htm
2018-09-20 17:04:24 content 标签解析失败 url:http://ent.qq.com/a/20180404/001797.htm
2018-09-20 17:05:01 texts 标签解析失败 url:http://ent.qq.com/a/20180403/006134.htm
2018-09-20 17:05:01 content 标签解析失败 url:http://ent.qq.com/a/20180403/006134.htm
2018-09-20 17:05:04 texts 标签解析失败 url:http://ent.qq.com/a/20180403/001649.htm
2018-09-20 17:05:04 content 标签解析失败 url:http://ent.qq.com/a/20180403/001649.htm
2018-09-20 17:05:53 texts 标签解析失败 url:http://edu.qq.com/a/20180403/024905.htm
2018-09-20 17:05:53 content 标签解析失败 url:http://edu.qq.com/a/20180403/024905.htm
2018-09-20 17:06:35 texts 标签解析失败 url:http://ent.qq.com/a/20180402/003484.htm
2018-09-20 17:06:35 content 标签解析失败 url:http://ent.qq.com/a/20180402/003484.htm
2018-09-20 17:07:42 texts 标签解析失败 url:http://sports.qq.com/a/20180409/026157.htm
2018-09-20 17:07:42 content 标签解析失败 url:http://sports.qq.com/a/20180409/026157.htm
2018-09-20 17:09:54 texts 标签解析失败 url:http://sports.qq.com/a/20180408/022561.htm
2018-09-20 17:09:54 content 标签解析失败 url:http://sports.qq.com/a/20180408/022561.htm
2018-09-20 17:09:55 texts 标签解析失败 url:http://sports.qq.com/a/20180408/022305.htm
2018-09-20 17:09:55 content 标签解析失败 url:http://sports.qq.com/a/20180408/022305.htm
2018-09-20 17:10:03 texts 标签解析失败 url:http://house.qq.com/a/20180331/005334.htm
2018-09-20 17:10:03 content 标签解析失败 url:http://house.qq.com/a/20180331/005334.htm
2018-09-20 17:10:04 texts 标签解析失败 url:http://house.qq.com/a/20180331/002196.htm
2018-09-20 17:10:04 content 标签解析失败 url:http://house.qq.com/a/20180331/002196.htm
2018-09-20 17:10:28 texts 标签解析失败 url:http://edu.qq.com/a/20180330/002947.htm
2018-09-20 17:10:28 content 标签解析失败 url:http://edu.qq.com/a/20180330/002947.htm
2018-09-20 17:10:34 texts 标签解析失败 url:http://sports.qq.com/a/20180407/012261.htm
2018-09-20 17:10:34 content 标签解析失败 url:http://sports.qq.com/a/20180407/012261.htm
2018-09-20 17:10:35 texts 标签解析失败 url:http://sports.qq.com/a/20180407/012147.htm
2018-09-20 17:10:35 content 标签解析失败 url:http://sports.qq.com/a/20180407/012147.htm
2018-09-20 17:10:41 texts 标签解析失败 url:http://tech.qq.com/a/20180329/027604.htm
2018-09-20 17:10:41 content 标签解析失败 url:http://tech.qq.com/a/20180329/027604.htm
2018-09-20 17:10:52 texts 标签解析失败 url:http://ent.qq.com/a/20180329/001977.htm
2018-09-20 17:10:52 content 标签解析失败 url:http://ent.qq.com/a/20180329/001977.htm
2018-09-20 17:12:20 texts 标签解析失败 url:http://auto.qq.com/a/20180328/012443.htm
2018-09-20 17:12:20 content 标签解析失败 url:http://auto.qq.com/a/20180328/012443.htm
2018-09-20 17:12:21 texts 标签解析失败 url:http://edu.qq.com/a/20180328/025379.htm
2018-09-20 17:12:21 content 标签解析失败 url:http://edu.qq.com/a/20180328/025379.htm
2018-09-20 17:13:52 texts 标签解析失败 url:http://ent.qq.com/a/20180327/002612.htm
2018-09-20 17:13:52 content 标签解析失败 url:http://ent.qq.com/a/20180327/002612.htm
2018-09-20 17:13:53 texts 标签解析失败 url:http://ent.qq.com/a/20180327/001746.htm
2018-09-20 17:13:53 content 标签解析失败 url:http://ent.qq.com/a/20180327/001746.htm
2018-09-20 17:14:07 texts 标签解析失败 url:http://house.qq.com/a/20180327/022853.htm
2018-09-20 17:14:07 content 标签解析失败 url:http://house.qq.com/a/20180327/022853.htm
2018-09-20 17:14:11 texts 标签解析失败 url:http://house.qq.com/a/20180327/021991.htm
2018-09-20 17:14:11 content 标签解析失败 url:http://house.qq.com/a/20180327/021991.htm
2018-09-20 17:14:23 texts 标签解析失败 url:http://tech.qq.com/a/20180326/020570.htm
2018-09-20 17:14:23 content 标签解析失败 url:http://tech.qq.com/a/20180326/020570.htm
2018-09-20 17:14:59 texts 标签解析失败 url:http://house.qq.com/a/20180326/003570.htm
2018-09-20 17:14:59 content 标签解析失败 url:http://house.qq.com/a/20180326/003570.htm
2018-09-20 17:15:01 texts 标签解析失败 url:http://edu.qq.com/a/20180326/023964.htm
2018-09-20 17:15:01 content 标签解析失败 url:http://edu.qq.com/a/20180326/023964.htm
2018-09-20 17:15:30 texts 标签解析失败 url:http://house.qq.com/a/20180325/004362.htm
2018-09-20 17:15:30 content 标签解析失败 url:http://house.qq.com/a/20180325/004362.htm
2018-09-20 17:16:24 texts 标签解析失败 url:http://sports.qq.com/a/20180402/027965.htm
2018-09-20 17:16:24 content 标签解析失败 url:http://sports.qq.com/a/20180402/027965.htm
2018-09-20 17:17:47 texts 标签解析失败 url:http://sports.qq.com/a/20180327/027763.htm
2018-09-20 17:17:47 content 标签解析失败 url:http://sports.qq.com/a/20180327/027763.htm
2018-09-20 17:18:23 texts 标签解析失败 url:http://ent.qq.com/a/20180323/037139.htm
2018-09-20 17:18:23 content 标签解析失败 url:http://ent.qq.com/a/20180323/037139.htm
2018-09-20 17:18:31 texts 标签解析失败 url:http://ent.qq.com/a/20180323/002516.htm
2018-09-20 17:18:31 content 标签解析失败 url:http://ent.qq.com/a/20180323/002516.htm
2018-09-20 17:18:32 texts 标签解析失败 url:http://ent.qq.com/a/20180323/002769.htm
2018-09-20 17:18:32 content 标签解析失败 url:http://ent.qq.com/a/20180323/002769.htm
2018-09-20 17:18:35 texts 标签解析失败 url:http://tech.qq.com/a/20180323/028424.htm
2018-09-20 17:18:35 content 标签解析失败 url:http://tech.qq.com/a/20180323/028424.htm
2018-09-20 17:18:42 texts 标签解析失败 url:http://sports.qq.com/a/20180326/028510.htm
2018-09-20 17:18:42 content 标签解析失败 url:http://sports.qq.com/a/20180326/028510.htm
2018-09-20 17:18:45 texts 标签解析失败 url:http://sports.qq.com/a/20180326/027729.htm
2018-09-20 17:18:45 content 标签解析失败 url:http://sports.qq.com/a/20180326/027729.htm
2018-09-20 17:19:18 texts 标签解析失败 url:http://edu.qq.com/a/20180323/025598.htm
2018-09-20 17:19:18 content 标签解析失败 url:http://edu.qq.com/a/20180323/025598.htm
2018-09-20 17:19:19 texts 标签解析失败 url:http://ent.qq.com/a/20180322/024673.htm
2018-09-20 17:19:19 content 标签解析失败 url:http://ent.qq.com/a/20180322/024673.htm
2018-09-20 17:19:20 texts 标签解析失败 url:http://ent.qq.com/a/20180322/011241.htm
2018-09-20 17:19:20 content 标签解析失败 url:http://ent.qq.com/a/20180322/011241.htm
2018-09-20 17:19:36 texts 标签解析失败 url:http://edu.qq.com/a/20180322/004636.htm
2018-09-20 17:19:36 content 标签解析失败 url:http://edu.qq.com/a/20180322/004636.htm
2018-09-20 17:19:40 texts 标签解析失败 url:http://house.qq.com/a/20180322/015613.htm
2018-09-20 17:19:40 content 标签解析失败 url:http://house.qq.com/a/20180322/015613.htm
2018-09-20 17:20:10 texts 标签解析失败 url:http://tech.qq.com/a/20180321/025682.htm
2018-09-20 17:20:10 content 标签解析失败 url:http://tech.qq.com/a/20180321/025682.htm
2018-09-20 17:20:13 texts 标签解析失败 url:http://ent.qq.com/a/20180321/003119.htm
2018-09-20 17:20:13 content 标签解析失败 url:http://ent.qq.com/a/20180321/003119.htm
2018-09-20 17:20:17 texts 标签解析失败 url:http://sports.qq.com/a/20180324/016525.htm
2018-09-20 17:20:17 content 标签解析失败 url:http://sports.qq.com/a/20180324/016525.htm
2018-09-20 17:21:22 texts 标签解析失败 url:http://sports.qq.com/a/20180329/026686.htm
2018-09-20 17:21:22 content 标签解析失败 url:http://sports.qq.com/a/20180329/026686.htm
2018-09-20 17:21:34 texts 标签解析失败 url:http://house.qq.com/a/20180321/020016.htm
2018-09-20 17:21:34 content 标签解析失败 url:http://house.qq.com/a/20180321/020016.htm
2018-09-20 17:21:49 texts 标签解析失败 url:http://ent.qq.com/a/20180320/003103.htm
2018-09-20 17:21:49 content 标签解析失败 url:http://ent.qq.com/a/20180320/003103.htm
2018-09-20 17:22:12 texts 标签解析失败 url:http://edu.qq.com/a/20180320/029972.htm
2018-09-20 17:22:12 content 标签解析失败 url:http://edu.qq.com/a/20180320/029972.htm
2018-09-20 17:22:23 texts 标签解析失败 url:http://ent.qq.com/a/20180319/014905.htm
2018-09-20 17:22:23 content 标签解析失败 url:http://ent.qq.com/a/20180319/014905.htm
2018-09-20 17:22:25 texts 标签解析失败 url:http://ent.qq.com/a/20180319/002152.htm
2018-09-20 17:22:25 content 标签解析失败 url:http://ent.qq.com/a/20180319/002152.htm
2018-09-20 17:22:36 texts 标签解析失败 url:http://ent.qq.com/a/20180319/002736.htm
2018-09-20 17:22:36 content 标签解析失败 url:http://ent.qq.com/a/20180319/002736.htm
2018-09-20 17:28:15 texts 标签解析失败 url:http://edu.qq.com/a/20180318/001545.htm
2018-09-20 17:28:15 content 标签解析失败 url:http://edu.qq.com/a/20180318/001545.htm
2018-09-20 17:29:01 texts 标签解析失败 url:http://sports.qq.com/a/20180321/036125.htm
2018-09-20 17:29:01 content 标签解析失败 url:http://sports.qq.com/a/20180321/036125.htm
2018-09-20 17:29:05 texts 标签解析失败 url:http://sports.qq.com/a/20180321/035522.htm
2018-09-20 17:29:05 content 标签解析失败 url:http://sports.qq.com/a/20180321/035522.htm
2018-09-20 17:29:06 texts 标签解析失败 url:http://sports.qq.com/a/20180321/035229.htm
2018-09-20 17:29:06 content 标签解析失败 url:http://sports.qq.com/a/20180321/035229.htm
2018-09-20 17:29:09 texts 标签解析失败 url:http://tech.qq.com/a/20180316/024367.htm
2018-09-20 17:29:09 content 标签解析失败 url:http://tech.qq.com/a/20180316/024367.htm
2018-09-20 17:29:12 texts 标签解析失败 url:http://tech.qq.com/a/20180316/017754.htm
2018-09-20 17:29:12 content 标签解析失败 url:http://tech.qq.com/a/20180316/017754.htm
2018-09-20 17:29:14 texts 标签解析失败 url:http://tech.qq.com/a/20180316/023030.htm
2018-09-20 17:29:14 content 标签解析失败 url:http://tech.qq.com/a/20180316/023030.htm
2018-09-20 17:29:19 texts 标签解析失败 url:http://ent.qq.com/a/20180316/008519.htm
2018-09-20 17:29:19 content 标签解析失败 url:http://ent.qq.com/a/20180316/008519.htm
2018-09-20 17:29:19 texts 标签解析失败 url:http://ent.qq.com/a/20180316/002095.htm
2018-09-20 17:29:19 content 标签解析失败 url:http://ent.qq.com/a/20180316/002095.htm
2018-09-20 17:29:34 texts 标签解析失败 url:http://tech.qq.com/a/20180315/034148.htm
2018-09-20 17:29:34 content 标签解析失败 url:http://tech.qq.com/a/20180315/034148.htm
2018-09-20 17:29:43 texts 标签解析失败 url:http://tech.qq.com/a/20180315/029773.htm
2018-09-20 17:29:43 content 标签解析失败 url:http://tech.qq.com/a/20180315/029773.htm
2018-09-20 17:29:52 texts 标签解析失败 url:http://ent.qq.com/a/20180315/005389.htm
2018-09-20 17:29:52 content 标签解析失败 url:http://ent.qq.com/a/20180315/005389.htm
2018-09-20 17:30:32 texts 标签解析失败 url:http://ent.qq.com/a/20180314/007760.htm
2018-09-20 17:30:32 content 标签解析失败 url:http://ent.qq.com/a/20180314/007760.htm
2018-09-20 17:33:09 texts 标签解析失败 url:http://tech.qq.com/a/20180313/031888.htm
2018-09-20 17:33:09 content 标签解析失败 url:http://tech.qq.com/a/20180313/031888.htm
2018-09-20 17:33:14 texts 标签解析失败 url:http://tech.qq.com/a/20180313/028921.htm
2018-09-20 17:33:14 content 标签解析失败 url:http://tech.qq.com/a/20180313/028921.htm
2018-09-20 17:33:18 texts 标签解析失败 url:http://edu.qq.com/a/20180314/021461.htm
2018-09-20 17:33:18 content 标签解析失败 url:http://edu.qq.com/a/20180314/021461.htm
2018-09-20 17:34:18 texts 标签解析失败 url:http://ent.qq.com/a/20180312/024506.htm
2018-09-20 17:34:18 content 标签解析失败 url:http://ent.qq.com/a/20180312/024506.htm
2018-09-20 17:34:35 texts 标签解析失败 url:http://edu.qq.com/a/20180312/017359.htm
2018-09-20 17:34:35 content 标签解析失败 url:http://edu.qq.com/a/20180312/017359.htm
2018-09-20 17:41:33 texts 标签解析失败 url:http://house.qq.com/a/20180311/009776.htm
2018-09-20 17:41:33 content 标签解析失败 url:http://house.qq.com/a/20180311/009776.htm
